<?xml version="1.0" encoding="UTF-8"?>
<testsuite name="me.dio.sdew24.application.ListChampionsUseCaseIntegrationTest" tests="1" skipped="0" failures="0" errors="0" timestamp="2024-03-27T19:17:10" hostname="adison-DH8BU01" time="1.397">
  <properties/>
  <testcase name="testListChampions()" classname="me.dio.sdew24.application.ListChampionsUseCaseIntegrationTest" time="1.397"/>
  <system-out><![CDATA[16:17:06.078 [Test worker] INFO org.springframework.test.context.support.AnnotationConfigContextLoaderUtils -- Could not detect default configuration classes for test class [me.dio.sdew24.application.ListChampionsUseCaseIntegrationTest]: ListChampionsUseCaseIntegrationTest does not declare any static, non-private, non-final, nested classes annotated with @Configuration.
16:17:06.273 [Test worker] INFO org.springframework.boot.test.context.SpringBootTestContextBootstrapper -- Found @SpringBootConfiguration me.dio.sdew24.Application for test class me.dio.sdew24.application.ListChampionsUseCaseIntegrationTest

  .   ____          _            __ _ _
 /\\ / ___'_ __ _ _(_)_ __  __ _ \ \ \ \
( ( )\___ | '_ | '_| | '_ \/ _` | \ \ \ \
 \\/  ___)| |_)| | | | | || (_| |  ) ) ) )
  '  |____| .__|_| |_|_| |_\__, | / / / /
 =========|_|==============|___/=/_/_/_/
 :: Spring Boot ::                (v3.2.4)

2024-03-27T16:17:07.098-03:00  INFO 949 --- [santander-dev-week-2024] [    Test worker] .s.a.ListChampionsUseCaseIntegrationTest : Starting ListChampionsUseCaseIntegrationTest using Java 21.0.2 with PID 949 (started by adison in /home/adison/Projetos/Santander/santander-dev-week-2024)
2024-03-27T16:17:07.102-03:00  INFO 949 --- [santander-dev-week-2024] [    Test worker] .s.a.ListChampionsUseCaseIntegrationTest : No active profile set, falling back to 1 default profile: "default"
2024-03-27T16:17:08.351-03:00  INFO 949 --- [santander-dev-week-2024] [    Test worker] .s.d.r.c.RepositoryConfigurationDelegate : Bootstrapping Spring Data JDBC repositories in DEFAULT mode.
2024-03-27T16:17:08.378-03:00  INFO 949 --- [santander-dev-week-2024] [    Test worker] .s.d.r.c.RepositoryConfigurationDelegate : Finished Spring Data repository scanning in 19 ms. Found 0 JDBC repository interfaces.
2024-03-27T16:17:08.695-03:00  INFO 949 --- [santander-dev-week-2024] [    Test worker] o.s.cloud.context.scope.GenericScope     : BeanFactory id=882504cc-5b3a-3957-b106-06be4abf20f7
2024-03-27T16:17:09.081-03:00  INFO 949 --- [santander-dev-week-2024] [    Test worker] com.zaxxer.hikari.HikariDataSource       : HikariPool-1 - Starting...
2024-03-27T16:17:09.362-03:00  INFO 949 --- [santander-dev-week-2024] [    Test worker] com.zaxxer.hikari.pool.HikariPool        : HikariPool-1 - Added connection conn0: url=jdbc:h2:mem:sdw2024 user=SA
2024-03-27T16:17:09.365-03:00  INFO 949 --- [santander-dev-week-2024] [    Test worker] com.zaxxer.hikari.HikariDataSource       : HikariPool-1 - Start completed.
2024-03-27T16:17:10.456-03:00  INFO 949 --- [santander-dev-week-2024] [    Test worker] o.s.b.a.h2.H2ConsoleAutoConfiguration    : H2 console available at '/h2-console'. Database available at 'jdbc:h2:mem:sdw2024'
2024-03-27T16:17:10.825-03:00  INFO 949 --- [santander-dev-week-2024] [    Test worker] .s.a.ListChampionsUseCaseIntegrationTest : Started ListChampionsUseCaseIntegrationTest in 4.319 seconds (process running for 6.706)
]]></system-out>
  <system-err><![CDATA[WARNING: A Java agent has been loaded dynamically (/home/adison/.gradle/caches/modules-2/files-2.1/net.bytebuddy/byte-buddy-agent/1.14.12/be4984cb6fd1ef1d11f218a648889dfda44b8a15/byte-buddy-agent-1.14.12.jar)
WARNING: If a serviceability tool is in use, please run with -XX:+EnableDynamicAgentLoading to hide this warning
WARNING: If a serviceability tool is not in use, please run with -Djdk.instrument.traceUsage for more information
WARNING: Dynamic loading of agents will be disallowed by default in a future release
]]></system-err>
</testsuite>
